<?xml version="1.0" encoding="UTF-8"?>
<!-- Generated by org.testng.reporters.JUnitReportReporter -->
<testsuite hostname="ASUS-PC" failures="0" tests="4" name="com.hrs.qa.testcases.LoginPageTest" time="9.028" errors="0" timestamp="2021-04-12T04:54:12 IST" skipped="0">
  <testcase classname="com.hrs.qa.testcases.LoginPageTest" name="validatePageTitle" time="1.099"/>
  <system-out/>
  <testcase classname="com.hrs.qa.testcases.LoginPageTest" name="validateStatusCode" time="5.938"/>
  <system-out/>
  <testcase classname="com.hrs.qa.testcases.LoginPageTest" name="validateContentType" time="1.053"/>
  <system-out/>
  <testcase classname="com.hrs.qa.testcases.LoginPageTest" name="validateStatusLine" time="0.938"/>
  <system-out/>
</testsuite> <!-- com.hrs.qa.testcases.LoginPageTest -->
